New contact form submission: 2025-03-09 20:24:37
Name: AL KAFI SOHAG
Email: aksohag16@gmail.com
Phone: 01773301138
Service: Network Architecture
Message: cmcmcm
-----------------------------------
New contact form submission: 2025-03-09 20:25:19
Name: AL KAFI SOHAG
Email: aksohag16@gmail.com
Phone: 01773301138
Service: Network Architecture
Message: cmcmcm
-----------------------------------
New contact form submission: 2025-03-09 20:28:44
Name: Fay Fletcher Hayley Morton
Email: jysiqajypa@mailinator.com
Phone: +1 (879) 584-9241
Service: Technical Writing
Message: Rerum sunt quam adi
-----------------------------------
